<?xml version="1.0" encoding="UTF-8"?>
<!-- Generated by org.testng.reporters.JUnitReportReporter -->
<testsuite hostname="Md-Ebrahim" failures="0" tests="1" name="headlessbrowserhandle.HeadlessChromeBrowserInPlaywright" time="2.869" errors="0" timestamp="2024-10-25T15:07:20 EDT" skipped="0">
  <testcase classname="headlessbrowserhandle.HeadlessChromeBrowserInPlaywright" name="openUrl" time="2.869"/>
</testsuite> <!-- headlessbrowserhandle.HeadlessChromeBrowserInPlaywright -->
